  sl  local_address rem_address   st tx_queue rx_queue tr tm->when retrnsmt   uid  timeout inode                                                     
   0: 00000000:1388 00000000:0000 0A 00000000:00000000 00:00000000 00000000     0        0 53447 1 ffff9fcb36e608c0 100 0 1 10 0                     
   1: 00000000:1538 00000000:0000 0A 00000000:00000000 00:00000000 00000000   135        0 47467 1 ffff9fcb36d7c600 100 0 0 10 0                     
   2: 00000000:D9CD 00000000:0000 0A 00000000:00000000 00:00000000 00000000     0        0 34779 1 ffff9fcb09933d40 100 0 0 10 0                     
   3: 00000000:9C8B 00000000:0000 0A 00000000:00000000 00:00000000 00000000     0        0 34763 1 ffff9fcb09934ec0 100 0 0 10 0                     
   4: 00000000:1F91 00000000:0000 0A 00000000:00000000 00:00000000 00000000     0        0 53440 1 ffff9fcb36e64600 100 0 1 10 0                     
   5: 00000000:1F87 00000000:0000 0A 00000000:00000000 00:00000000 00000000     0        0 53444 1 ffff9fcb36e64ec0 100 0 1 10 0                     
   6: 00000000:1F86 00000000:0000 0A 00000000:00000000 00:00000000 00000000     0        0 53443 1 ffff9fcb36e65780 100 0 1 10 0                     
   7: 00000000:0185 00000000:0000 0A 00000000:00000000 00:00000000 00000000     0        0 53437 1 ffff9fcb36e62bc0 100 0 0 10 0                     
   8: 00000000:006F 00000000:0000 0A 00000000:00000000 00:00000000 00000000     0        0 20629 1 ffff9fcb13194ec0 100 0 0 10 0                     
   9: 00000000:0019 00000000:0000 0A 00000000:00000000 00:00000000 00000000     0        0 60871 1 ffff9fcb434c1180 100 0 0 10 0                     
  10: 00000000:0016 00000000:0000 0A 00000000:00000000 00:00000000 00000000     0        0 36620 1 ffff9fcb36e60000 100 0 0 10 0                     
  11: 00000000:027C 00000000:0000 0A 00000000:00000000 00:00000000 00000000     0        0 53438 1 ffff9fcb36e66040 100 0 1 10 0                     
  12: 00000000:0438 00000000:0000 0A 00000000:00000000 00:00000000 00000000     0        0 53436 1 ffff9fcb36e63480 100 0 1 10 0                     
  13: 00000000:07D0 00000000:0000 0A 00000000:00000000 00:00000000 00000000     0        0 53448 1 ffff9fcb4b44c600 100 0 1 10 0                     
  14: 00000000:09B0 00000000:0000 0A 00000000:00000000 00:00000000 00000000     0        0 53442 1 ffff9fcb36e62300 100 0 1 10 0                     
  15: 00000000:0801 00000000:0000 0A 00000000:00000000 00:00000000 00000000     0        0 44753 1 ffff9fcb36d7e900 100 0 0 10 0                     
  16: 0100007F:0277 00000000:0000 0A 00000000:00000000 00:00000000 00000000     0        0 65670 1 ffff9fcb36e49a40 100 0 0 10 0                     
  17: 0100007F:0035 00000000:0000 0A 00000000:00000000 00:00000000 00000000     0        0 36653 1 ffff9fcb36e61180 100 0 0 10 0                     
  18: 00000000:2117 00000000:0000 0A 00000000:00000000 00:00000000 00000000     0        0 53446 1 ffff9fcb36e63d40 100 0 1 10 0                     
  19: 00000000:2116 00000000:0000 0A 00000000:00000000 00:00000000 00000000     0        0 53445 1 ffff9fcb36e61a40 100 0 1 10 0                     
  20: 00000000:61A8 00000000:0000 0A 00000000:00000000 00:00000000 00000000     0        0 62766 1 ffff9fcb45748000 100 0 0 10 0                     
  21: 00000000:20FB 00000000:0000 0A 00000000:00000000 00:00000000 00000000     0        0 53441 1 ffff9fcb36e671c0 100 0 1 10 0                     
  22: 00000000:20FC 00000000:0000 0A 00000000:00000000 00:00000000 00000000     0        0 53439 1 ffff9fcb36e66900 100 0 1 10 0                     
  23: 00000000:A721 00000000:0000 0A 00000000:00000000 00:00000000 00000000     0        0 45785 1 ffff9fcb13193d40 100 0 0 10 0                     
  24: 00000000:A7FF 00000000:0000 0A 00000000:00000000 00:00000000 00000000     0        0 34771 1 ffff9fcb09931a40 100 0 0 10 0                     
  25: 017AA8C0:0035 00000000:0000 0A 00000000:00000000 00:00000000 00000000     0        0 56411 1 ffff9fcb13191180 100 0 0 10 0                     
  26: 1F01A8C0:0016 9F2AA8C0:E3D4 01 00000050:00000000 01:00000002 00000000     0        0 36857 4 ffff9fcb36e48000 20 6 29 10 -1                    
